<?xml version="1.0" encoding="UTF-8"?>
<!-- Generated by org.testng.reporters.JUnitXMLReporter -->
<testsuite ignored="0" hostname="DESKTOP-M9KCNPI" failures="0" tests="3" name="Default test" time="36.663" errors="0" timestamp="2024-04-13T12:04:46 IST">
  <testcase classname="TestCases.VerifyLoginPage" name="loginVerification" time="3.765"/>
  <testcase classname="TestCases.VerifyLoginPage" name="loginVerification" time="3.75"/>
  <testcase classname="TestCases.VerifyLoginPage" name="loginVerification" time="4.821"/>
</testsuite> <!-- Default test -->
