<?xml version="1.0" encoding="UTF-8"?>
<!-- Generated by org.testng.reporters.JUnitXMLReporter -->
<testsuite ignored="0" hostname="DESKTOP-M9KCNPI" failures="0" tests="4" name="Test" time="62.896" errors="0" timestamp="2024-04-14T10:05:42 IST">
  <testcase classname="TestCases.VerifyLoginPage" name="loginVerification" time="4.61"/>
  <testcase classname="TestCases.VerifyLoginPage" name="loginVerification" time="3.45"/>
  <testcase classname="TestCases.VerifyLoginPage" name="loginVerification" time="5.051"/>
  <testcase classname="TestCases.VerifySignUpPage" name="verifySignUp" time="15.265"/>
</testsuite> <!-- Test -->
