<?xml version="1.0" encoding="UTF-8"?>
<!-- Generated by org.testng.reporters.JUnitXMLReporter -->
<testsuite ignored="0" hostname="DESKTOP-M9KCNPI" failures="0" tests="4" name="Test" time="58.357" errors="0" timestamp="2024-04-14T10:16:43 IST">
  <testcase classname="TestCases.VerifyLoginPage" name="loginVerification" time="4.772"/>
  <testcase classname="TestCases.VerifyLoginPage" name="loginVerification" time="4.449"/>
  <testcase classname="TestCases.VerifyLoginPage" name="loginVerification" time="3.883"/>
  <testcase classname="TestCases.VerifySignUpPage" name="verifySignUp" time="11.25"/>
</testsuite> <!-- Test -->
