<?xml version="1.0" encoding="UTF-8"?>
<!-- Generated by org.testng.reporters.JUnitXMLReporter -->
<testsuite ignored="0" hostname="DESKTOP-M9KCNPI" failures="0" tests="4" name="Test" time="59.77" errors="0" timestamp="2024-04-15T08:37:28 IST">
  <testcase classname="TestCases.VerifyLoginPage" name="loginVerification" time="3.857"/>
  <testcase classname="TestCases.VerifyLoginPage" name="loginVerification" time="4.821"/>
  <testcase classname="TestCases.VerifyLoginPage" name="loginVerification" time="5.442"/>
  <testcase classname="TestCases.VerifySignUpPage" name="verifySignUp" time="11.21"/>
</testsuite> <!-- Test -->
