<?xml version="1.0" encoding="UTF-8"?>
<testng-results ignored="0" total="4" passed="4" failed="0" skipped="0">
  <reporter-output>
  </reporter-output>
  <suite started-at="2024-04-14T10:15:44 IST" name="Suite" finished-at="2024-04-14T10:16:43 IST" duration-ms="58357">
    <groups>
    </groups>
    <test started-at="2024-04-14T10:15:44 IST" name="Test" finished-at="2024-04-14T10:16:43 IST" duration-ms="58357">
      <class name="TestCases.VerifyLoginPage">
        <test-method is-config="true" signature="browserLaunch()[pri:0, instance:TestCases.VerifyLoginPage@72057ecf]" started-at="2024-04-14T10:15:45 IST" name="browserLaunch" finished-at="2024-04-14T10:15:53 IST" duration-ms="7987" status="PASS">
          <reporter-output>
          </reporter-output>
        </test-method> <!-- browserLaunch -->
        <test-method signature="loginVerification(java.lang.String,java.lang.String)[pri:0, instance:TestCases.VerifyLoginPage@72057ecf]" started-at="2024-04-14T10:15:53 IST" name="loginVerification" data-provider="testData" finished-at="2024-04-14T10:15:57 IST" duration-ms="4772" status="PASS">
          <params>
            <param index="0">
              <value>
                <![CDATA[Appachavare]]>
              </value>
            </param>
            <param index="1">
              <value>
                <![CDATA[Password1]]>
              </value>
            </param>
          </params>
          <reporter-output>
          </reporter-output>
        </test-method> <!-- loginVerification -->
        <test-method is-config="true" signature="closeBrowser()[pri:0, instance:TestCases.VerifyLoginPage@72057ecf]" started-at="2024-04-14T10:15:57 IST" name="closeBrowser" finished-at="2024-04-14T10:16:01 IST" duration-ms="3424" status="PASS">
          <reporter-output>
          </reporter-output>
        </test-method> <!-- closeBrowser -->
        <test-method is-config="true" signature="browserLaunch()[pri:0, instance:TestCases.VerifyLoginPage@72057ecf]" started-at="2024-04-14T10:16:01 IST" name="browserLaunch" finished-at="2024-04-14T10:16:07 IST" duration-ms="5723" status="PASS">
          <reporter-output>
          </reporter-output>
        </test-method> <!-- browserLaunch -->
        <test-method signature="loginVerification(java.lang.String,java.lang.String)[pri:0, instance:TestCases.VerifyLoginPage@72057ecf]" started-at="2024-04-14T10:16:07 IST" name="loginVerification" data-provider="testData" finished-at="2024-04-14T10:16:11 IST" duration-ms="4449" status="PASS">
          <params>
            <param index="0">
              <value>
                <![CDATA[TanishkaChavare]]>
              </value>
            </param>
            <param index="1">
              <value>
                <![CDATA[Password2]]>
              </value>
            </param>
          </params>
          <reporter-output>
          </reporter-output>
        </test-method> <!-- loginVerification -->
        <test-method is-config="true" signature="closeBrowser()[pri:0, instance:TestCases.VerifyLoginPage@72057ecf]" started-at="2024-04-14T10:16:11 IST" name="closeBrowser" finished-at="2024-04-14T10:16:14 IST" duration-ms="3266" status="PASS">
          <reporter-output>
          </reporter-output>
        </test-method> <!-- closeBrowser -->
        <test-method is-config="true" signature="browserLaunch()[pri:0, instance:TestCases.VerifyLoginPage@72057ecf]" started-at="2024-04-14T10:16:14 IST" name="browserLaunch" finished-at="2024-04-14T10:16:17 IST" duration-ms="3136" status="PASS">
          <reporter-output>
          </reporter-output>
        </test-method> <!-- browserLaunch -->
        <test-method signature="loginVerification(java.lang.String,java.lang.String)[pri:0, instance:TestCases.VerifyLoginPage@72057ecf]" started-at="2024-04-14T10:16:17 IST" name="loginVerification" data-provider="testData" finished-at="2024-04-14T10:16:21 IST" duration-ms="3883" status="PASS">
          <params>
            <param index="0">
              <value>
                <![CDATA[TejashriChavare]]>
              </value>
            </param>
            <param index="1">
              <value>
                <![CDATA[Password3]]>
              </value>
            </param>
          </params>
          <reporter-output>
          </reporter-output>
        </test-method> <!-- loginVerification -->
        <test-method is-config="true" signature="closeBrowser()[pri:0, instance:TestCases.VerifyLoginPage@72057ecf]" started-at="2024-04-14T10:16:21 IST" name="closeBrowser" finished-at="2024-04-14T10:16:25 IST" duration-ms="3337" status="PASS">
          <reporter-output>
          </reporter-output>
        </test-method> <!-- closeBrowser -->
      </class> <!-- TestCases.VerifyLoginPage -->
      <class name="TestCases.VerifySignUpPage">
        <test-method is-config="true" signature="browserLaunch()[pri:0, instance:TestCases.VerifySignUpPage@7ec7ffd3]" started-at="2024-04-14T10:16:25 IST" name="browserLaunch" finished-at="2024-04-14T10:16:28 IST" duration-ms="3659" status="PASS">
          <reporter-output>
          </reporter-output>
        </test-method> <!-- browserLaunch -->
        <test-method signature="verifySignUp()[pri:0, instance:TestCases.VerifySignUpPage@7ec7ffd3]" started-at="2024-04-14T10:16:28 IST" name="verifySignUp" finished-at="2024-04-14T10:16:40 IST" duration-ms="11250" status="PASS">
          <reporter-output>
          </reporter-output>
        </test-method> <!-- verifySignUp -->
        <test-method is-config="true" signature="closeBrowser()[pri:0, instance:TestCases.VerifySignUpPage@7ec7ffd3]" started-at="2024-04-14T10:16:40 IST" name="closeBrowser" finished-at="2024-04-14T10:16:43 IST" duration-ms="3326" status="PASS">
          <reporter-output>
          </reporter-output>
        </test-method> <!-- closeBrowser -->
      </class> <!-- TestCases.VerifySignUpPage -->
    </test> <!-- Test -->
  </suite> <!-- Suite -->
</testng-results>
