<?xml version="1.0" encoding="UTF-8"?>
<testng-results ignored="0" total="4" passed="4" failed="0" skipped="0">
  <reporter-output>
  </reporter-output>
  <suite started-at="2024-04-15T08:36:28 IST" name="Suite" finished-at="2024-04-15T08:37:28 IST" duration-ms="59770">
    <groups>
    </groups>
    <test started-at="2024-04-15T08:36:28 IST" name="Test" finished-at="2024-04-15T08:37:28 IST" duration-ms="59770">
      <class name="TestCases.VerifyLoginPage">
        <test-method is-config="true" signature="browserLaunch()[pri:0, instance:TestCases.VerifyLoginPage@3cebbb30]" started-at="2024-04-15T08:36:28 IST" name="browserLaunch" finished-at="2024-04-15T08:36:36 IST" duration-ms="8040" status="PASS">
          <reporter-output>
          </reporter-output>
        </test-method> <!-- browserLaunch -->
        <test-method signature="loginVerification(java.lang.String,java.lang.String)[pri:0, instance:TestCases.VerifyLoginPage@3cebbb30]" started-at="2024-04-15T08:36:36 IST" name="loginVerification" data-provider="testData" finished-at="2024-04-15T08:36:40 IST" duration-ms="3857" status="PASS">
          <params>
            <param index="0">
              <value>
                <![CDATA[Appachavare]]>
              </value>
            </param>
            <param index="1">
              <value>
                <![CDATA[Password1]]>
              </value>
            </param>
          </params>
          <reporter-output>
          </reporter-output>
        </test-method> <!-- loginVerification -->
        <test-method is-config="true" signature="closeBrowser()[pri:0, instance:TestCases.VerifyLoginPage@3cebbb30]" started-at="2024-04-15T08:36:40 IST" name="closeBrowser" finished-at="2024-04-15T08:36:43 IST" duration-ms="3258" status="PASS">
          <reporter-output>
          </reporter-output>
        </test-method> <!-- closeBrowser -->
        <test-method is-config="true" signature="browserLaunch()[pri:0, instance:TestCases.VerifyLoginPage@3cebbb30]" started-at="2024-04-15T08:36:43 IST" name="browserLaunch" finished-at="2024-04-15T08:36:47 IST" duration-ms="3999" status="PASS">
          <reporter-output>
          </reporter-output>
        </test-method> <!-- browserLaunch -->
        <test-method signature="loginVerification(java.lang.String,java.lang.String)[pri:0, instance:TestCases.VerifyLoginPage@3cebbb30]" started-at="2024-04-15T08:36:47 IST" name="loginVerification" data-provider="testData" finished-at="2024-04-15T08:36:52 IST" duration-ms="4821" status="PASS">
          <params>
            <param index="0">
              <value>
                <![CDATA[TanishkaChavare]]>
              </value>
            </param>
            <param index="1">
              <value>
                <![CDATA[Password2]]>
              </value>
            </param>
          </params>
          <reporter-output>
          </reporter-output>
        </test-method> <!-- loginVerification -->
        <test-method is-config="true" signature="closeBrowser()[pri:0, instance:TestCases.VerifyLoginPage@3cebbb30]" started-at="2024-04-15T08:36:52 IST" name="closeBrowser" finished-at="2024-04-15T08:36:56 IST" duration-ms="3222" status="PASS">
          <reporter-output>
          </reporter-output>
        </test-method> <!-- closeBrowser -->
        <test-method is-config="true" signature="browserLaunch()[pri:0, instance:TestCases.VerifyLoginPage@3cebbb30]" started-at="2024-04-15T08:36:56 IST" name="browserLaunch" finished-at="2024-04-15T08:37:00 IST" duration-ms="4308" status="PASS">
          <reporter-output>
          </reporter-output>
        </test-method> <!-- browserLaunch -->
        <test-method signature="loginVerification(java.lang.String,java.lang.String)[pri:0, instance:TestCases.VerifyLoginPage@3cebbb30]" started-at="2024-04-15T08:37:00 IST" name="loginVerification" data-provider="testData" finished-at="2024-04-15T08:37:05 IST" duration-ms="5442" status="PASS">
          <params>
            <param index="0">
              <value>
                <![CDATA[TejashriChavare]]>
              </value>
            </param>
            <param index="1">
              <value>
                <![CDATA[Password3]]>
              </value>
            </param>
          </params>
          <reporter-output>
          </reporter-output>
        </test-method> <!-- loginVerification -->
        <test-method is-config="true" signature="closeBrowser()[pri:0, instance:TestCases.VerifyLoginPage@3cebbb30]" started-at="2024-04-15T08:37:05 IST" name="closeBrowser" finished-at="2024-04-15T08:37:09 IST" duration-ms="3278" status="PASS">
          <reporter-output>
          </reporter-output>
        </test-method> <!-- closeBrowser -->
      </class> <!-- TestCases.VerifyLoginPage -->
      <class name="TestCases.VerifySignUpPage">
        <test-method is-config="true" signature="browserLaunch()[pri:0, instance:TestCases.VerifySignUpPage@25641d39]" started-at="2024-04-15T08:37:09 IST" name="browserLaunch" finished-at="2024-04-15T08:37:13 IST" duration-ms="4935" status="PASS">
          <reporter-output>
          </reporter-output>
        </test-method> <!-- browserLaunch -->
        <test-method signature="verifySignUp()[pri:0, instance:TestCases.VerifySignUpPage@25641d39]" started-at="2024-04-15T08:37:13 IST" name="verifySignUp" finished-at="2024-04-15T08:37:25 IST" duration-ms="11210" status="PASS">
          <reporter-output>
          </reporter-output>
        </test-method> <!-- verifySignUp -->
        <test-method is-config="true" signature="closeBrowser()[pri:0, instance:TestCases.VerifySignUpPage@25641d39]" started-at="2024-04-15T08:37:25 IST" name="closeBrowser" finished-at="2024-04-15T08:37:28 IST" duration-ms="3305" status="PASS">
          <reporter-output>
          </reporter-output>
        </test-method> <!-- closeBrowser -->
      </class> <!-- TestCases.VerifySignUpPage -->
    </test> <!-- Test -->
  </suite> <!-- Suite -->
</testng-results>
