<?xml version="1.0" encoding="UTF-8"?>
<testng-results ignored="0" total="4" passed="4" failed="0" skipped="0">
  <reporter-output>
  </reporter-output>
  <suite started-at="2024-04-14T10:04:40 IST" name="Suite" finished-at="2024-04-14T10:05:42 IST" duration-ms="62896">
    <groups>
    </groups>
    <test started-at="2024-04-14T10:04:40 IST" name="Test" finished-at="2024-04-14T10:05:42 IST" duration-ms="62896">
      <class name="TestCases.VerifyLoginPage">
        <test-method is-config="true" signature="browserLaunch()[pri:0, instance:TestCases.VerifyLoginPage@37d4349f]" started-at="2024-04-14T10:04:40 IST" name="browserLaunch" finished-at="2024-04-14T10:04:47 IST" duration-ms="7280" status="PASS">
          <reporter-output>
          </reporter-output>
        </test-method> <!-- browserLaunch -->
        <test-method signature="loginVerification(java.lang.String,java.lang.String)[pri:0, instance:TestCases.VerifyLoginPage@37d4349f]" started-at="2024-04-14T10:04:47 IST" name="loginVerification" data-provider="testData" finished-at="2024-04-14T10:04:52 IST" duration-ms="4610" status="PASS">
          <params>
            <param index="0">
              <value>
                <![CDATA[Appachavare]]>
              </value>
            </param>
            <param index="1">
              <value>
                <![CDATA[Password1]]>
              </value>
            </param>
          </params>
          <reporter-output>
          </reporter-output>
        </test-method> <!-- loginVerification -->
        <test-method is-config="true" signature="closeBrowser()[pri:0, instance:TestCases.VerifyLoginPage@37d4349f]" started-at="2024-04-14T10:04:52 IST" name="closeBrowser" finished-at="2024-04-14T10:04:55 IST" duration-ms="3316" status="PASS">
          <reporter-output>
          </reporter-output>
        </test-method> <!-- closeBrowser -->
        <test-method is-config="true" signature="browserLaunch()[pri:0, instance:TestCases.VerifyLoginPage@37d4349f]" started-at="2024-04-14T10:04:55 IST" name="browserLaunch" finished-at="2024-04-14T10:04:58 IST" duration-ms="3613" status="PASS">
          <reporter-output>
          </reporter-output>
        </test-method> <!-- browserLaunch -->
        <test-method signature="loginVerification(java.lang.String,java.lang.String)[pri:0, instance:TestCases.VerifyLoginPage@37d4349f]" started-at="2024-04-14T10:04:58 IST" name="loginVerification" data-provider="testData" finished-at="2024-04-14T10:05:02 IST" duration-ms="3450" status="PASS">
          <params>
            <param index="0">
              <value>
                <![CDATA[TanishkaChavare]]>
              </value>
            </param>
            <param index="1">
              <value>
                <![CDATA[Password2]]>
              </value>
            </param>
          </params>
          <reporter-output>
          </reporter-output>
        </test-method> <!-- loginVerification -->
        <test-method is-config="true" signature="closeBrowser()[pri:0, instance:TestCases.VerifyLoginPage@37d4349f]" started-at="2024-04-14T10:05:02 IST" name="closeBrowser" finished-at="2024-04-14T10:05:07 IST" duration-ms="5541" status="PASS">
          <reporter-output>
          </reporter-output>
        </test-method> <!-- closeBrowser -->
        <test-method is-config="true" signature="browserLaunch()[pri:0, instance:TestCases.VerifyLoginPage@37d4349f]" started-at="2024-04-14T10:05:07 IST" name="browserLaunch" finished-at="2024-04-14T10:05:12 IST" duration-ms="4056" status="PASS">
          <reporter-output>
          </reporter-output>
        </test-method> <!-- browserLaunch -->
        <test-method signature="loginVerification(java.lang.String,java.lang.String)[pri:0, instance:TestCases.VerifyLoginPage@37d4349f]" started-at="2024-04-14T10:05:12 IST" name="loginVerification" data-provider="testData" finished-at="2024-04-14T10:05:17 IST" duration-ms="5051" status="PASS">
          <params>
            <param index="0">
              <value>
                <![CDATA[TejashriChavare]]>
              </value>
            </param>
            <param index="1">
              <value>
                <![CDATA[Password3]]>
              </value>
            </param>
          </params>
          <reporter-output>
          </reporter-output>
        </test-method> <!-- loginVerification -->
        <test-method is-config="true" signature="closeBrowser()[pri:0, instance:TestCases.VerifyLoginPage@37d4349f]" started-at="2024-04-14T10:05:17 IST" name="closeBrowser" finished-at="2024-04-14T10:05:20 IST" duration-ms="3308" status="PASS">
          <reporter-output>
          </reporter-output>
        </test-method> <!-- closeBrowser -->
      </class> <!-- TestCases.VerifyLoginPage -->
      <class name="TestCases.VerifySignUpPage">
        <test-method is-config="true" signature="browserLaunch()[pri:0, instance:TestCases.VerifySignUpPage@771a660]" started-at="2024-04-14T10:05:20 IST" name="browserLaunch" finished-at="2024-04-14T10:05:24 IST" duration-ms="3962" status="PASS">
          <reporter-output>
          </reporter-output>
        </test-method> <!-- browserLaunch -->
        <test-method signature="verifySignUp()[pri:0, instance:TestCases.VerifySignUpPage@771a660]" started-at="2024-04-14T10:05:24 IST" name="verifySignUp" finished-at="2024-04-14T10:05:39 IST" duration-ms="15265" status="PASS">
          <reporter-output>
          </reporter-output>
        </test-method> <!-- verifySignUp -->
        <test-method is-config="true" signature="closeBrowser()[pri:0, instance:TestCases.VerifySignUpPage@771a660]" started-at="2024-04-14T10:05:39 IST" name="closeBrowser" finished-at="2024-04-14T10:05:42 IST" duration-ms="3345" status="PASS">
          <reporter-output>
          </reporter-output>
        </test-method> <!-- closeBrowser -->
      </class> <!-- TestCases.VerifySignUpPage -->
    </test> <!-- Test -->
  </suite> <!-- Suite -->
</testng-results>
