<?xml version="1.0" encoding="UTF-8"?>
<testng-results ignored="0" total="3" passed="3" failed="0" skipped="0">
  <reporter-output>
  </reporter-output>
  <suite started-at="2024-04-13T12:04:10 IST" name="Default suite" finished-at="2024-04-13T12:04:46 IST" duration-ms="36663">
    <groups>
    </groups>
    <test started-at="2024-04-13T12:04:10 IST" name="Default test" finished-at="2024-04-13T12:04:46 IST" duration-ms="36663">
      <class name="TestCases.VerifyLoginPage">
        <test-method is-config="true" signature="browserLaunch()[pri:0, instance:TestCases.VerifyLoginPage@2ea41516]" started-at="2024-04-13T12:04:10 IST" name="browserLaunch" finished-at="2024-04-13T12:04:17 IST" duration-ms="6787" status="PASS">
          <reporter-output>
          </reporter-output>
        </test-method> <!-- browserLaunch -->
        <test-method signature="loginVerification(java.lang.String,java.lang.String)[pri:0, instance:TestCases.VerifyLoginPage@2ea41516]" started-at="2024-04-13T12:04:17 IST" name="loginVerification" data-provider="testData" finished-at="2024-04-13T12:04:20 IST" duration-ms="3765" status="PASS">
          <params>
            <param index="0">
              <value>
                <![CDATA[Appachavare]]>
              </value>
            </param>
            <param index="1">
              <value>
                <![CDATA[Password1]]>
              </value>
            </param>
          </params>
          <reporter-output>
          </reporter-output>
        </test-method> <!-- loginVerification -->
        <test-method is-config="true" signature="closeBrowser()[pri:0, instance:TestCases.VerifyLoginPage@2ea41516]" started-at="2024-04-13T12:04:20 IST" name="closeBrowser" finished-at="2024-04-13T12:04:24 IST" duration-ms="3283" status="PASS">
          <reporter-output>
          </reporter-output>
        </test-method> <!-- closeBrowser -->
        <test-method is-config="true" signature="browserLaunch()[pri:0, instance:TestCases.VerifyLoginPage@2ea41516]" started-at="2024-04-13T12:04:24 IST" name="browserLaunch" finished-at="2024-04-13T12:04:27 IST" duration-ms="3463" status="PASS">
          <reporter-output>
          </reporter-output>
        </test-method> <!-- browserLaunch -->
        <test-method signature="loginVerification(java.lang.String,java.lang.String)[pri:0, instance:TestCases.VerifyLoginPage@2ea41516]" started-at="2024-04-13T12:04:27 IST" name="loginVerification" data-provider="testData" finished-at="2024-04-13T12:04:31 IST" duration-ms="3750" status="PASS">
          <params>
            <param index="0">
              <value>
                <![CDATA[TanishkaChavare]]>
              </value>
            </param>
            <param index="1">
              <value>
                <![CDATA[Password2]]>
              </value>
            </param>
          </params>
          <reporter-output>
          </reporter-output>
        </test-method> <!-- loginVerification -->
        <test-method is-config="true" signature="closeBrowser()[pri:0, instance:TestCases.VerifyLoginPage@2ea41516]" started-at="2024-04-13T12:04:31 IST" name="closeBrowser" finished-at="2024-04-13T12:04:34 IST" duration-ms="3323" status="PASS">
          <reporter-output>
          </reporter-output>
        </test-method> <!-- closeBrowser -->
        <test-method is-config="true" signature="browserLaunch()[pri:0, instance:TestCases.VerifyLoginPage@2ea41516]" started-at="2024-04-13T12:04:34 IST" name="browserLaunch" finished-at="2024-04-13T12:04:38 IST" duration-ms="4143" status="PASS">
          <reporter-output>
          </reporter-output>
        </test-method> <!-- browserLaunch -->
        <test-method signature="loginVerification(java.lang.String,java.lang.String)[pri:0, instance:TestCases.VerifyLoginPage@2ea41516]" started-at="2024-04-13T12:04:38 IST" name="loginVerification" data-provider="testData" finished-at="2024-04-13T12:04:43 IST" duration-ms="4821" status="PASS">
          <params>
            <param index="0">
              <value>
                <![CDATA[TejashriChavare]]>
              </value>
            </param>
            <param index="1">
              <value>
                <![CDATA[Password3]]>
              </value>
            </param>
          </params>
          <reporter-output>
          </reporter-output>
        </test-method> <!-- loginVerification -->
        <test-method is-config="true" signature="closeBrowser()[pri:0, instance:TestCases.VerifyLoginPage@2ea41516]" started-at="2024-04-13T12:04:43 IST" name="closeBrowser" finished-at="2024-04-13T12:04:46 IST" duration-ms="3252" status="PASS">
          <reporter-output>
          </reporter-output>
        </test-method> <!-- closeBrowser -->
      </class> <!-- TestCases.VerifyLoginPage -->
    </test> <!-- Default test -->
  </suite> <!-- Default suite -->
</testng-results>
